[debug] [2023-06-11T18:25:37.782Z] ----------------------------------------------------------------------
[debug] [2023-06-11T18:25:37.784Z] Command:       C:\Program Files\nodejs\node.exe C:\Users\i am\AppData\Roaming\npm\node_modules\firebase-tools\lib\bin\firebase.js init
[debug] [2023-06-11T18:25:37.784Z] CLI Version:   12.3.1
[debug] [2023-06-11T18:25:37.785Z] Platform:      win32
[debug] [2023-06-11T18:25:37.785Z] Node Version:  v19.0.0
[debug] [2023-06-11T18:25:37.785Z] Time:          Mon Jun 12 2023 00:25:37 GMT+0600 (Bangladesh Standard Time)
[debug] [2023-06-11T18:25:37.785Z] ----------------------------------------------------------------------
[debug] 
[debug] [2023-06-11T18:25:37.852Z] > command requires scopes: ["email","openid","https://www.googleapis.com/auth/cloudplatformprojects.readonly","https://www.googleapis.com/auth/firebase","https://www.googleapis.com/auth/cloud-platform"]
[debug] [2023-06-11T18:25:37.852Z] > authorizing via signed-in user (alahi.selim@gmail.com)
[info] 
     ######## #### ########  ######## ########     ###     ######  ########
     ##        ##  ##     ## ##       ##     ##  ##   ##  ##       ##
     ######    ##  ########  ######   ########  #########  ######  ######
     ##        ##  ##    ##  ##       ##     ## ##     ##       ## ##
     ##       #### ##     ## ######## ########  ##     ##  ######  ########

You're about to initialize a Firebase project in this directory:

  C:\Users\i am\Desktop\new-project-yt\becarrertask\desh-two\client

Before we get started, keep in mind:

  * You are initializing within an existing Firebase project directory

[info] 
=== Project Setup
[info] 
[info] First, let's associate this project directory with a Firebase project.
[info] You can create multiple project aliases by running firebase use --add, 
[info] but for now we'll just set up a default project.
[info] 
[debug] [2023-06-11T18:25:42.235Z] Using project from CLI flag: bpcarrer-task
[debug] [2023-06-11T18:25:42.237Z] >>> [apiv2][query] GET https://firebase.googleapis.com/v1beta1/projects/bpcarrer-task [none]
[debug] [2023-06-11T18:25:44.167Z] <<< [apiv2][status] GET https://firebase.googleapis.com/v1beta1/projects/bpcarrer-task 200
[debug] [2023-06-11T18:25:44.167Z] <<< [apiv2][body] GET https://firebase.googleapis.com/v1beta1/projects/bpcarrer-task {"projectId":"bpcarrer-task","projectNumber":"757855005416","displayName":"bpcarrer-task","name":"projects/bpcarrer-task","resources":{"hostingSite":"bpcarrer-task"},"state":"ACTIVE","etag":"1_70aeca19-4c8b-445a-8ef6-7317a83dc879"}
[info] i  Using project bpcarrer-task (bpcarrer-task) 
[info] 
=== Hosting Setup
[info] 
[info] Your public directory is the folder (relative to your project directory) that
[info] will contain Hosting assets to be uploaded with firebase deploy. If you
[info] have a build process for your assets, use your build's output directory.
[info] 
